Tue, 09 Sep 2008 12:20:01 GMT  ~  info  ~  Logfile created
 ~ Connecting to database...
 ~ Connecting to database...
 ~ Filter login_required was not found in your filter chain.
 ~ WARNING: Merb.orm_generator_scope is deprecated
 ~ WARNING: Merb.orm_generator_scope is deprecated
 ~ Loaded slice 'MerbAuth' ...
 ~ Compiling routes...
 ~ Mounting slice MerbAuth at /
 ~ Initializing slice 'MerbAuth' ...
 ~ Activating slice 'MerbAuth' ...
 ~ Using 'share-nothing' cookie sessions (4kb limit per client)
 ~ Connecting to database...
 ~ Filter login_required was not found in your filter chain.
 ~ WARNING: Merb.orm_generator_scope is deprecated
 ~ WARNING: Merb.orm_generator_scope is deprecated
 ~ Loaded slice 'MerbAuth' ...
 ~ Compiling routes...
 ~ Mounting slice MerbAuth at /auth
 ~ Skipped adding slice change_password to router...
 ~ Initializing slice 'MerbAuth' ...
 ~ Activating slice 'MerbAuth' ...
 ~ Using 'share-nothing' cookie sessions (4kb limit per client)
